<?xml version="1.0" encoding="UTF-8"?>
<testsuite name="CalcoloTest" tests="8" skipped="0" failures="0" errors="0" timestamp="2023-06-16T15:01:56" hostname="ASUS-MELAZZA" time="0.094">
  <properties/>
  <testcase name="VerificaDati()" classname="CalcoloTest" time="0.037"/>
  <testcase name="Prezzo dell'articolo inserito non valido" classname="CalcoloTest" time="0.003"/>
  <testcase name="Test con input validi, prezzo con decimali" classname="CalcoloTest" time="0.002"/>
  <testcase name="Test con input validi" classname="CalcoloTest" time="0.002"/>
  <testcase name="Sconto oltre i 100 spesi" classname="CalcoloTest" time="0.015"/>
  <testcase name="input non validi" classname="CalcoloTest" time="0.014"/>
  <testcase name="QuantitÃ  inserita non valida" classname="CalcoloTest" time="0.003"/>
  <testcase name="prova del cambio prezzo" classname="CalcoloTest" time="0.003"/>
  <system-out><![CDATA[Complimenti hai ricevuto uno sconto del 20%
Costo iniziale: 100.0
Costo finale: 80.0
Complimenti hai ricevuto uno sconto del 20%
Costo iniziale: 101.0
Costo finale: 80.8
quantitÃ  non valida
quantitÃ  non valida
quantitÃ  non valida
Articolo giÃ  esistente, prezzo non modificabile
]]></system-out>
  <system-err><![CDATA[]]></system-err>
</testsuite>
