<?xml version="1.0" encoding="UTF-8"?>
<testsuite name="CalcoloTest" tests="1" skipped="0" failures="0" errors="0" timestamp="2023-05-03T11:40:53" hostname="MSIF" time="0.043">
  <properties/>
  <testcase name="ProvaTest()" classname="CalcoloTest" time="0.043"/>
  <system-out><![CDATA[]]></system-out>
  <system-err><![CDATA[]]></system-err>
</testsuite>
